  myScene1.cpp
e:\code\cocos\xinge100\proj.win32\myscene1.cpp(376): warning C4305: “*=”: 从“double”到“float”截断
e:\code\cocos\xinge100\proj.win32\myscene1.cpp(378): warning C4305: “*=”: 从“double”到“float”截断
e:\code\cocos\xinge100\proj.win32\myscene1.cpp(605): warning C4305: “参数”: 从“double”到“float”截断
e:\code\cocos\xinge100\proj.win32\myscene1.cpp(616): warning C4305: “参数”: 从“double”到“float”截断
e:\code\cocos\xinge100\proj.win32\myscene1.cpp(628): warning C4305: “参数”: 从“double”到“float”截断
e:\code\cocos\xinge100\proj.win32\myscene1.cpp(659): warning C4305: “参数”: 从“double”到“float”截断
e:\code\cocos\xinge100\proj.win32\myscene1.cpp(671): warning C4305: “参数”: 从“double”到“float”截断
e:\code\cocos\xinge100\proj.win32\myscene1.cpp(703): warning C4305: “参数”: 从“double”到“float”截断
e:\code\cocos\xinge100\proj.win32\myscene1.cpp(706): warning C4305: “参数”: 从“double”到“float”截断
e:\code\cocos\xinge100\proj.win32\myscene1.cpp(709): warning C4305: “参数”: 从“double”到“float”截断
e:\code\cocos\xinge100\proj.win32\myscene1.cpp(717): warning C4305: “参数”: 从“double”到“float”截断
e:\code\cocos\xinge100\proj.win32\myscene1.cpp(720): warning C4305: “参数”: 从“double”到“float”截断
e:\code\cocos\xinge100\proj.win32\myscene1.cpp(723): warning C4305: “参数”: 从“double”到“float”截断
e:\code\cocos\xinge100\proj.win32\myscene1.cpp(788): warning C4305: “参数”: 从“double”到“float”截断
e:\code\cocos\xinge100\proj.win32\myscene1.cpp(816): warning C4305: “参数”: 从“double”到“float”截断
e:\code\cocos\xinge100\proj.win32\myscene1.cpp(819): warning C4305: “参数”: 从“double”到“float”截断
e:\code\cocos\xinge100\proj.win32\myscene1.cpp(859): warning C4305: “参数”: 从“double”到“float”截断
e:\code\cocos\xinge100\proj.win32\myscene1.cpp(862): warning C4305: “参数”: 从“double”到“float”截断
e:\code\cocos\xinge100\proj.win32\myscene1.cpp(893): warning C4305: “参数”: 从“double”到“float”截断
e:\code\cocos\xinge100\proj.win32\myscene1.cpp(895): warning C4305: “参数”: 从“double”到“float”截断
e:\code\cocos\xinge100\proj.win32\myscene1.cpp(936): warning C4305: “参数”: 从“double”到“float”截断
e:\code\cocos\xinge100\proj.win32\myscene1.cpp(939): warning C4305: “参数”: 从“double”到“float”截断
e:\code\cocos\xinge100\proj.win32\myscene1.cpp(971): warning C4305: “参数”: 从“double”到“float”截断
e:\code\cocos\xinge100\proj.win32\myscene1.cpp(974): warning C4305: “参数”: 从“double”到“float”截断
e:\code\cocos\xinge100\proj.win32\myscene1.cpp(1002): warning C4305: “参数”: 从“double”到“float”截断
e:\code\cocos\xinge100\proj.win32\myscene1.cpp(1004): warning C4305: “参数”: 从“double”到“float”截断
e:\code\cocos\xinge100\proj.win32\myscene1.cpp(1025): warning C4305: “参数”: 从“double”到“float”截断
e:\code\cocos\xinge100\proj.win32\myscene1.cpp(1265): warning C4305: “参数”: 从“double”到“float”截断
e:\code\cocos\xinge100\proj.win32\myscene1.cpp(1541): warning C4305: “参数”: 从“double”到“float”截断
e:\code\cocos\xinge100\proj.win32\myscene1.cpp(1568): warning C4305: “参数”: 从“double”到“float”截断
e:\code\cocos\xinge100\proj.win32\myscene1.cpp(1593): warning C4305: “参数”: 从“double”到“float”截断
e:\code\cocos\xinge100\proj.win32\myscene1.cpp(1614): warning C4305: “参数”: 从“double”到“float”截断
e:\code\cocos\xinge100\proj.win32\myscene1.cpp(1649): warning C4305: “参数”: 从“double”到“float”截断
e:\code\cocos\xinge100\proj.win32\myscene1.cpp(1659): warning C4305: “参数”: 从“double”到“float”截断
e:\code\cocos\xinge100\proj.win32\myscene1.cpp(1667): warning C4305: “参数”: 从“double”到“float”截断
e:\code\cocos\xinge100\proj.win32\myscene1.cpp(1683): warning C4305: “参数”: 从“double”到“float”截断
e:\code\cocos\xinge100\proj.win32\myscene1.cpp(1762): warning C4305: “参数”: 从“double”到“float”截断
e:\code\cocos\xinge100\proj.win32\myscene1.cpp(1770): warning C4305: “参数”: 从“double”到“float”截断
e:\code\cocos\xinge100\proj.win32\myscene1.cpp(1778): warning C4305: “参数”: 从“double”到“float”截断
e:\code\cocos\xinge100\proj.win32\myscene1.cpp(1786): warning C4305: “参数”: 从“double”到“float”截断
e:\code\cocos\xinge100\proj.win32\myscene1.cpp(1794): warning C4305: “参数”: 从“double”到“float”截断
e:\code\cocos\xinge100\proj.win32\myscene1.cpp(1802): warning C4305: “参数”: 从“double”到“float”截断
e:\code\cocos\xinge100\proj.win32\myscene1.cpp(1810): warning C4305: “参数”: 从“double”到“float”截断
e:\code\cocos\xinge100\proj.win32\myscene1.cpp(1818): warning C4305: “参数”: 从“double”到“float”截断
e:\code\cocos\xinge100\proj.win32\myscene1.cpp(1826): warning C4305: “参数”: 从“double”到“float”截断
e:\code\cocos\xinge100\proj.win32\myscene1.cpp(1834): warning C4305: “参数”: 从“double”到“float”截断
e:\code\cocos\xinge100\proj.win32\myscene1.cpp(1842): warning C4305: “参数”: 从“double”到“float”截断
e:\code\cocos\xinge100\proj.win32\myscene1.cpp(2030): warning C4305: “参数”: 从“double”到“float”截断
e:\code\cocos\xinge100\proj.win32\myscene1.cpp(2039): warning C4305: “参数”: 从“double”到“float”截断
e:\code\cocos\xinge100\proj.win32\myscene1.cpp(2048): warning C4305: “参数”: 从“double”到“float”截断
e:\code\cocos\xinge100\proj.win32\myscene1.cpp(2057): warning C4305: “参数”: 从“double”到“float”截断
e:\code\cocos\xinge100\proj.win32\myscene1.cpp(2066): warning C4305: “参数”: 从“double”到“float”截断
e:\code\cocos\xinge100\proj.win32\myscene1.cpp(2075): warning C4305: “参数”: 从“double”到“float”截断
e:\code\cocos\xinge100\proj.win32\myscene1.cpp(2084): warning C4305: “参数”: 从“double”到“float”截断
e:\code\cocos\xinge100\proj.win32\myscene1.cpp(2093): warning C4305: “参数”: 从“double”到“float”截断
e:\code\cocos\xinge100\proj.win32\myscene1.cpp(2102): warning C4305: “参数”: 从“double”到“float”截断
e:\code\cocos\xinge100\proj.win32\myscene1.cpp(2111): warning C4305: “参数”: 从“double”到“float”截断
e:\code\cocos\xinge100\proj.win32\myscene1.cpp(2120): warning C4305: “参数”: 从“double”到“float”截断
e:\code\cocos\xinge100\proj.win32\myscene1.cpp(2129): warning C4305: “参数”: 从“double”到“float”截断
e:\code\cocos\xinge100\proj.win32\myscene1.cpp(2163): warning C4305: “参数”: 从“double”到“float”截断
e:\code\cocos\xinge100\proj.win32\myscene1.cpp(2173): warning C4305: “参数”: 从“double”到“float”截断
e:\code\cocos\xinge100\proj.win32\myscene1.cpp(2183): warning C4305: “参数”: 从“double”到“float”截断
  XINGE100.vcxproj -> E:\code\cocos\XINGE100\proj.win32\Debug.win32\XINGE100.exe
  Performing Custom Build Step
  复制了 0 个文件
